[    0.000000] Initializing cgroup subsys cpuset
[    0.000000] Initializing cgroup subsys cpu
[    0.000000] Initializing cgroup subsys cpuacct
[    0.000000] Linux version 4.4.0-197-generic (buildd@lcy01-amd64-026) (gcc version 5.4.0 20160609 (Ubuntu 5.4.0-6ubuntu1~16.04.12) ) #229-Ubuntu SMP Wed Nov 25 11:05:42 UTC 2020 (Ubuntu 4.4.0-197.229-generic 4.4.241)
[    0.000000] Command line: BOOT_IMAGE=/boot/vmlinuz-4.4.0-197-generic root=LABEL=cloudimg-rootfs ro console=tty1 console=ttyS0
[    0.000000] KERNEL supported cpus:
[    0.000000]   Intel GenuineIntel
[    0.000000]   AMD AuthenticAMD
[    0.000000]   Centaur CentaurHauls
[    0.000000] x86/fpu: xstate_offset[2]:  576, xstate_sizes[2]:  256
[    0.000000] x86/fpu: Supporting XSAVE feature 0x01: 'x87 floating point registers'
[    0.000000] x86/fpu: Supporting XSAVE feature 0x02: 'SSE registers'
[    0.000000] x86/fpu: Supporting XSAVE feature 0x04: 'AVX registers'
[    0.000000] x86/fpu: Enabled xstate features 0x7, context size is 832 bytes, using 'standard' format.
[    0.000000] e820: BIOS-provided physical RAM map:
[    0.000000] BIOS-e820: [mem 0x0000000000000000-0x000000000009fbff] usable
[    0.000000] BIOS-e820: [mem 0x000000000009fc00-0x000000000009ffff] reserved
[    0.000000] BIOS-e820: [mem 0x00000000000f0000-0x00000000000fffff] reserved
[    0.000000] BIOS-e820: [mem 0x0000000000100000-0x000000001ffeffff] usable
[    0.000000] BIOS-e820: [mem 0x000000001fff0000-0x000000001fffffff] ACPI data
[    0.000000] BIOS-e820: [mem 0x00000000fec00000-0x00000000fec00fff] reserved
[    0.000000] BIOS-e820: [mem 0x00000000fee00000-0x00000000fee00fff] reserved
[    0.000000] BIOS-e820: [mem 0x00000000fffc0000-0x00000000ffffffff] reserved
[    0.000000] NX (Execute Disable) protection: active
[    0.000000] SMBIOS 2.5 present.
[    0.000000] Hypervisor detected: KVM
[    0.000000] e820: last_pfn = 0x1fff0 max_arch_pfn = 0x400000000
[    0.000000] MTRR: Disabled
[    0.000000] x86/PAT: MTRRs disabled, skipping PAT initialization too.
[    0.000000] CPU MTRRs all blank - virtualized system.
[    0.000000] x86/PAT: Configuration [0-7]: WB  WT  UC- UC  WB  WT  UC- UC  
[    0.000000] found SMP MP-table at [mem 0x0009fff0-0x0009ffff] mapped at [ffff88000009fff0]
[    0.000000] Scanning 1 areas for low memory corruption
[    0.000000] RAMDISK: [mem 0x1e951000-0x1f7d9fff]
[    0.000000] ACPI: Early table checksum verification disabled
[    0.000000] ACPI: RSDP 0x00000000000E0000 000024 (v02 VBOX  )
[    0.000000] ACPI: XSDT 0x000000001FFF0030 00003C (v01 VBOX   VBOXXSDT 00000001 ASL  00000061)
[    0.000000] ACPI: FACP 0x000000001FFF00F0 0000F4 (v04 VBOX   VBOXFACP 00000001 ASL  00000061)
[    0.000000] ACPI: DSDT 0x000000001FFF0470 002325 (v02 VBOX   VBOXBIOS 00000002 INTL 20120111)
[    0.000000] ACPI: FACS 0x000000001FFF0200 000040
[    0.000000] ACPI: FACS 0x000000001FFF0200 000040
[    0.000000] ACPI: APIC 0x000000001FFF0240 00005C (v02 VBOX   VBOXAPIC 00000001 ASL  00000061)
[    0.000000] ACPI: SSDT 0x000000001FFF02A0 0001CC (v01 VBOX   VBOXCPUT 00000002 INTL 20120111)
[    0.000000] No NUMA configuration found
[    0.000000] Faking a node at [mem 0x0000000000000000-0x000000001ffeffff]
[    0.000000] NODE_DATA(0) allocated [mem 0x1ffeb000-0x1ffeffff]
[    0.000000] kvm-clock: Using msrs 4b564d01 and 4b564d00
[    0.000000] kvm-clock: cpu 0, msr 0:1ffe3001, primary cpu clock
[    0.000000] kvm-clock: using sched offset of 4642170640 cycles
[    0.000000] clocksource: kvm-clock: mask: 0xffffffffffffffff max_cycles: 0x1cd42e4dffb, max_idle_ns: 881590591483 ns
[    0.000000] Zone ranges:
[    0.000000]   DMA      [mem 0x0000000000001000-0x0000000000ffffff]
[    0.000000]   DMA32    [mem 0x0000000001000000-0x000000001ffeffff]
[    0.000000]   Normal   empty
[    0.000000]   Device   empty
[    0.000000] Movable zone start for each node
[    0.000000] Early memory node ranges
[    0.000000]   node   0: [mem 0x0000000000001000-0x000000000009efff]
[    0.000000]   node   0: [mem 0x0000000000100000-0x000000001ffeffff]
[    0.000000] Initmem setup node 0 [mem 0x0000000000001000-0x000000001ffeffff]
[    0.000000] ACPI: PM-Timer IO Port: 0x4008
[    0.000000] IOAPIC[0]: apic_id 2, version 32, address 0xfec00000, GSI 0-23
[    0.000000] ACPI: INT_SRC_OVR (bus 0 bus_irq 0 global_irq 2 dfl dfl)
[    0.000000] ACPI: INT_SRC_OVR (bus 0 bus_irq 9 global_irq 9 low level)
[    0.000000] Using ACPI (MADT) for SMP configuration information
[    0.000000] smpboot: Allowing 2 CPUs, 0 hotplug CPUs
[    0.000000] PM: Registered nosave memory: [mem 0x00000000-0x00000fff]
[    0.000000] PM: Registered nosave memory: [mem 0x0009f000-0x0009ffff]
[    0.000000] PM: Registered nosave memory: [mem 0x000a0000-0x000effff]
[    0.000000] PM: Registered nosave memory: [mem 0x000f0000-0x000fffff]
[    0.000000] e820: [mem 0x20000000-0xfebfffff] available for PCI devices
[    0.000000] Booting paravirtualized kernel on KVM
[    0.000000] clocksource: refined-jiffies: mask: 0xffffffff max_cycles: 0xffffffff, max_idle_ns: 7645519600211568 ns
[    0.000000] setup_percpu: NR_CPUS:512 nr_cpumask_bits:512 nr_cpu_ids:2 nr_node_ids:1
[    0.000000] PERCPU: Embedded 33 pages/cpu @ffff88001fc00000 s95512 r8192 d31464 u1048576
[    0.000000] Built 1 zonelists in Node order, mobility grouping on.  Total pages: 128888
[    0.000000] Policy zone: DMA32
[    0.000000] Kernel command line: BOOT_IMAGE=/boot/vmlinuz-4.4.0-197-generic root=LABEL=cloudimg-rootfs ro console=tty1 console=ttyS0
[    0.000000] PID hash table entries: 2048 (order: 2, 16384 bytes)
[    0.000000] Memory: 481572K/523832K available (8637K kernel code, 1347K rwdata, 4032K rodata, 1492K init, 1296K bss, 42260K reserved, 0K cma-reserved)
[    0.000000] SLUB: HWalign=64, Order=0-3, MinObjects=0, CPUs=2, Nodes=1
[    0.000000] Kernel/User page tables isolation: enabled
[    0.000000] Hierarchical RCU implementation.
[    0.000000] 	Build-time adjustment of leaf fanout to 64.
[    0.000000] 	RCU restricting CPUs from NR_CPUS=512 to nr_cpu_ids=2.
[    0.000000] RCU: Adjusting geometry for rcu_fanout_leaf=64, nr_cpu_ids=2
[    0.000000] NR_IRQS:33024 nr_irqs:440 16
[    0.000000] Console: colour VGA+ 80x25
[    0.000000] console [tty1] enabled
[    0.000000] console [ttyS0] enabled
[    0.000000] tsc: Detected 1991.999 MHz processor
[    0.271928] Calibrating delay loop (skipped) preset value.. 3983.99 BogoMIPS (lpj=7967996)
[    0.276796] pid_max: default: 32768 minimum: 301
[    0.279419] ACPI: Core revision 20150930
[    0.282849] ACPI: 2 ACPI AML tables successfully acquired and loaded
[    0.285709] Security Framework initialized
[    0.287582] Yama: becoming mindful.
[    0.289172] AppArmor: AppArmor initialized
[    0.291065] Dentry cache hash table entries: 65536 (order: 7, 524288 bytes)
[    0.294519] Inode-cache hash table entries: 32768 (order: 6, 262144 bytes)
[    0.298118] Mount-cache hash table entries: 1024 (order: 1, 8192 bytes)
[    0.301590] Mountpoint-cache hash table entries: 1024 (order: 1, 8192 bytes)
[    0.305999] Initializing cgroup subsys io
[    0.308798] Initializing cgroup subsys memory
[    0.311324] Initializing cgroup subsys devices
[    0.314429] Initializing cgroup subsys freezer
[    0.318343] Initializing cgroup subsys net_cls
[    0.322170] Initializing cgroup subsys perf_event
[    0.325501] Initializing cgroup subsys net_prio
[    0.328800] Initializing cgroup subsys hugetlb
[    0.332652] Initializing cgroup subsys pids
[    0.338742] mce: CPU supports 0 MCE banks
[    0.342100] Last level iTLB entries: 4KB 64, 2MB 8, 4MB 8
[    0.346097] Last level dTLB entries: 4KB 64, 2MB 0, 4MB 0, 1GB 4
[    0.351082] Spectre V1 : Mitigation: usercopy/swapgs barriers and __user pointer sanitization
[    0.357952] Spectre V2 : Mitigation: Full generic retpoline
[    0.363157] Spectre V2 : Spectre v2 / SpectreRSB mitigation: Filling RSB on context switch
[    0.370328] Speculative Store Bypass: Vulnerable
[    0.374568] SRBDS: Unknown: Dependent on hypervisor status
[    0.379150] MDS: Mitigation: Clear CPU buffers
[    0.392228] Freeing SMP alternatives memory: 36K
[    0.413399] ftrace: allocating 32346 entries in 127 pages
[    0.511954] smpboot: APIC(0) Converting physical 0 to logical package 0
[    0.514976] smpboot: Max logical packages: 1
[    0.517054] x2apic enabled
[    0.518730] Switched APIC routing to physical x2apic.
[    0.522516] ..TIMER: vector=0x30 apic1=0 pin1=2 apic2=-1 pin2=-1
[    0.633552] smpboot: CPU0: Intel(R) Core(TM) i3-6006U CPU @ 2.00GHz (family: 0x6, model: 0x4e, stepping: 0x3)
[    0.638351] Performance Events: unsupported p6 CPU model 78 no PMU driver, software events only.
[    0.659528] KVM setup paravirtual spinlock
[    0.662966] x86: Booting SMP configuration:
[    0.665106] .... node  #0, CPUs:      #1
[    0.667042] kvm-clock: cpu 1, msr 0:1ffe3041, secondary cpu clock
[    0.670478] mce: CPU supports 0 MCE banks
[    0.673747] x86: Booted up 1 node, 2 CPUs
[    0.676028] smpboot: Total of 2 processors activated (7967.99 BogoMIPS)
[    0.681419] devtmpfs: initialized
[    0.686347] evm: security.selinux
[    0.688072] evm: security.SMACK64
[    0.690036] evm: security.SMACK64EXEC
[    0.692028] evm: security.SMACK64TRANSMUTE
[    0.693736] evm: security.SMACK64MMAP
[    0.695414] evm: security.ima
[    0.696721] evm: security.capability
[    0.698569] clocksource: jiffies: mask: 0xffffffff max_cycles: 0xffffffff, max_idle_ns: 7645041785100000 ns
[    0.703836] futex hash table entries: 512 (order: 3, 32768 bytes)
[    0.707120] pinctrl core: initialized pinctrl subsystem
[    0.709340] RTC time:  7:35:18, date: 12/28/20
[    0.712006] NET: Registered protocol family 16
[    0.727213] cpuidle: using governor ladder
[    0.739841] cpuidle: using governor menu
[    0.742505] PCCT header not found.
[    0.744261] ACPI: bus type PCI registered
[    0.746335] acpiphp: ACPI Hot Plug PCI Controller Driver version: 0.5
[    0.749023] PCI: Using configuration type 1 for base access
[    0.767521] ACPI: Added _OSI(Module Device)
[    0.769811] ACPI: Added _OSI(Processor Device)
[    0.771603] ACPI: Added _OSI(3.0 _SCP Extensions)
[    0.773476] ACPI: Added _OSI(Processor Aggregator Device)
[    0.777040] ACPI: Executed 1 blocks of module-level executable AML code
[    0.783664] ACPI: Interpreter enabled
[    0.785694] ACPI: (supports S0 S5)
[    0.787250] ACPI: Using IOAPIC for interrupt routing
[    0.789486] PCI: Using host bridge windows from ACPI; if necessary, use "pci=nocrs" and report a bug
[    0.800367] ACPI: PCI Root Bridge [PCI0] (domain 0000 [bus 00-ff])
[    0.803576] acpi PNP0A03:00: _OSC: OS supports [ASPM ClockPM Segments MSI]
[    0.807035] acpi PNP0A03:00: _OSC: not requesting OS control; OS requires [ExtendedConfig ASPM ClockPM MSI]
[    0.811415] acpi PNP0A03:00: fail to add MMCONFIG information, can't access extended PCI configuration space under this bridge.
[    0.817237] PCI host bridge to bus 0000:00
[    0.819169] pci_bus 0000:00: root bus resource [io  0x0000-0x0cf7 window]
[    0.821800] pci_bus 0000:00: root bus resource [io  0x0d00-0xffff window]
[    0.824540] pci_bus 0000:00: root bus resource [mem 0x000a0000-0x000bffff window]
[    0.827930] pci_bus 0000:00: root bus resource [mem 0x20000000-0xfdffffff window]
[    0.831257] pci_bus 0000:00: root bus resource [bus 00-ff]
[    0.838098] pci 0000:00:01.1: legacy IDE quirk: reg 0x10: [io  0x01f0-0x01f7]
[    0.841510] pci 0000:00:01.1: legacy IDE quirk: reg 0x14: [io  0x03f6]
[    0.844576] pci 0000:00:01.1: legacy IDE quirk: reg 0x18: [io  0x0170-0x0177]
[    0.861341] pci 0000:00:01.1: legacy IDE quirk: reg 0x1c: [io  0x0376]
[    0.885005] pci 0000:00:07.0: quirk: [io  0x4000-0x403f] claimed by PIIX4 ACPI
[    0.888804] pci 0000:00:07.0: quirk: [io  0x4100-0x410f] claimed by PIIX4 SMB
[    0.905121] ACPI: PCI Interrupt Link [LNKA] (IRQs 5 9 10 *11)
[    0.908748] ACPI: PCI Interrupt Link [LNKB] (IRQs 5 9 *10 11)
[    0.911749] ACPI: PCI Interrupt Link [LNKC] (IRQs 5 *9 10 11)
[    0.914800] ACPI: PCI Interrupt Link [LNKD] (IRQs 5 9 10 *11)
[    0.917835] ACPI: Enabled 2 GPEs in block 00 to 07
[    0.920332] vgaarb: setting as boot device: PCI:0000:00:02.0
[    0.923027] vgaarb: device added: PCI:0000:00:02.0,decodes=io+mem,owns=io+mem,locks=none
[    0.926315] vgaarb: loaded
[    0.927551] vgaarb: bridge control possible 0000:00:02.0
[    0.930054] SCSI subsystem initialized
[    0.934228] ACPI: bus type USB registered
[    0.936374] usbcore: registered new interface driver usbfs
[    0.938815] usbcore: registered new interface driver hub
[    0.941008] usbcore: registered new device driver usb
[    0.943560] PCI: Using ACPI for IRQ routing
[    0.946086] NetLabel: Initializing
[    0.947552] NetLabel:  domain hash size = 128
[    0.949326] NetLabel:  protocols = UNLABELED CIPSOv4
[    0.951570] NetLabel:  unlabeled traffic allowed by default
[    0.954059] amd_nb: Cannot enumerate AMD northbridges
[    0.956515] clocksource: Switched to clocksource kvm-clock
[    0.968785] AppArmor: AppArmor Filesystem Enabled
[    0.971277] pnp: PnP ACPI init
[    0.974592] pnp: PnP ACPI: found 3 devices
[    0.988690] clocksource: acpi_pm: mask: 0xffffff max_cycles: 0xffffff, max_idle_ns: 2085701024 ns
[    0.993230] NET: Registered protocol family 2
[    0.995314] TCP established hash table entries: 4096 (order: 3, 32768 bytes)
[    0.998523] TCP bind hash table entries: 4096 (order: 4, 65536 bytes)
[    1.001114] TCP: Hash tables configured (established 4096 bind 4096)
[    1.003986] UDP hash table entries: 256 (order: 1, 8192 bytes)
[    1.006271] UDP-Lite hash table entries: 256 (order: 1, 8192 bytes)
[    1.009354] NET: Registered protocol family 1
[    1.011605] pci 0000:00:00.0: Limiting direct PCI/PCI transfers
[    1.014404] pci 0000:00:01.0: Activating ISA DMA hang workarounds
[    1.018928] Unpacking initramfs...
[    1.378372] Freeing initrd memory: 14884K
[    1.380611] clocksource: tsc: mask: 0xffffffffffffffff max_cycles: 0x396d4ffc055, max_idle_ns: 881590662783 ns
[    1.385244] platform rtc_cmos: registered platform RTC device (no PNP device found)
[    1.388677] Scanning for low memory corruption every 60 seconds
[    1.392328] audit: initializing netlink subsys (disabled)
[    1.394982] audit: type=2000 audit(1609140925.027:1): initialized
[    1.397881] Initialise system trusted keyring
[    1.400094] HugeTLB registered 2 MB page size, pre-allocated 0 pages
[    1.404965] zbud: loaded
[    1.406742] VFS: Disk quotas dquot_6.6.0
[    1.408822] VFS: Dquot-cache hash table entries: 512 (order 0, 4096 bytes)
[    1.411995] squashfs: version 4.0 (2009/01/31) Phillip Lougher
[    1.415271] fuse init (API version 7.23)
[    1.417113] Key type big_key registered
[    1.418824] Allocating IMA MOK and blacklist keyrings.
[    1.422772] Key type asymmetric registered
[    1.424867] Asymmetric key parser 'x509' registered
[    1.427025] Block layer SCSI generic (bsg) driver version 0.4 loaded (major 249)
[    1.430377] io scheduler noop registered
[    1.432494] io scheduler deadline registered (default)
[    1.434801] io scheduler cfq registered
[    1.437292] pci_hotplug: PCI Hot Plug PCI Core version: 0.5
[    1.440251] pciehp: PCI Express Hot Plug Controller Driver version: 0.4
[    1.443938] ACPI: AC Adapter [AC] (on-line)
[    1.446461] input: Power Button as /devices/LNXSYSTM:00/LNXPWRBN:00/input/input0
[    1.450689] ACPI: Power Button [PWRF]
[    1.452845] input: Sleep Button as /devices/LNXSYSTM:00/LNXSLPBN:00/input/input1
[    1.456030] ACPI: Sleep Button [SLPF]
[    1.460709] GHES: HEST is not enabled!
[    1.460760] ACPI: Battery Slot [BAT0] (battery present)
[    1.466924] Serial: 8250/16550 driver, 32 ports, IRQ sharing enabled
[    1.492470] 00:02: ttyS0 at I/O 0x3f8 (irq = 4, base_baud = 115200) is a 16550A
[    1.502742] Linux agpgart interface v0.103
[    1.510269] loop: module loaded
[    1.515139] scsi host0: ata_piix
[    1.518305] scsi host1: ata_piix
[    1.521330] ata1: PATA max UDMA/33 cmd 0x1f0 ctl 0x3f6 bmdma 0xd000 irq 14
[    1.526908] ata2: PATA max UDMA/33 cmd 0x170 ctl 0x376 bmdma 0xd008 irq 15
[    1.532342] libphy: Fixed MDIO Bus: probed
[    1.536063] tun: Universal TUN/TAP device driver, 1.6
[    1.539791] tun: (C) 1999-2004 Max Krasnyansky <maxk@qualcomm.com>
[    1.545418] PPP generic driver version 2.4.2
[    1.549362] ehci_hcd: USB 2.0 'Enhanced' Host Controller (EHCI) Driver
[    1.554389] ehci-pci: EHCI PCI platform driver
[    1.558715] ehci-platform: EHCI generic platform driver
[    1.563280] ohci_hcd: USB 1.1 'Open' Host Controller (OHCI) Driver
[    1.568613] ohci-pci: OHCI PCI platform driver
[    1.572343] ohci-platform: OHCI generic platform driver
[    1.577338] uhci_hcd: USB Universal Host Controller Interface driver
[    1.582240] i8042: PNP: PS/2 Controller [PNP0303:PS2K,PNP0f03:PS2M] at 0x60,0x64 irq 1,12
[    1.589722] serio: i8042 KBD port at 0x60,0x64 irq 1
[    1.595408] serio: i8042 AUX port at 0x60,0x64 irq 12
[    1.600175] mousedev: PS/2 mouse device common for all mice
[    1.605469] input: AT Translated Set 2 keyboard as /devices/platform/i8042/serio0/input/input2
[    1.613842] rtc_cmos rtc_cmos: rtc core: registered rtc_cmos as rtc0
[    1.619099] rtc_cmos rtc_cmos: alarms up to one day, 114 bytes nvram
[    1.623538] i2c /dev entries driver
[    1.625511] device-mapper: uevent: version 1.0.3
[    1.627829] device-mapper: ioctl: 4.34.0-ioctl (2015-10-28) initialised: dm-devel@redhat.com
[    1.631389] ledtrig-cpu: registered to indicate activity on CPUs
[    1.636420] NET: Registered protocol family 10
[    1.639660] NET: Registered protocol family 17
[    1.641952] Key type dns_resolver registered
[    1.645316] registered taskstats version 1
[    1.647474] Loading compiled-in X.509 certificates
[    1.650990] Loaded X.509 cert 'Build time autogenerated kernel key: 34492021b4051d5295bb5f61ac4b8fe0de34ccb2'
[    1.655424] zswap: loaded using pool lzo/zbud
[    1.661068] Key type trusted registered
[    1.668567] Key type encrypted registered
[    1.670554] AppArmor: AppArmor sha1 policy hashing enabled
[    1.673339] ima: No TPM chip found, activating TPM-bypass!
[    1.675666] ima: Allocated hash algorithm: sha1
[    1.677645] evm: HMAC attrs: 0x1
[    1.679864]   Magic number: 0:911:572
[    1.682325] rtc_cmos rtc_cmos: setting system clock to 2020-12-28 07:35:19 UTC (1609140919)
[    1.697210] BIOS EDD facility v0.16 2004-Jun-25, 0 devices found
[    1.700386] EDD information not available.
[    1.711206] Freeing unused kernel memory: 1492K
[    1.725143] Write protecting the kernel read-only data: 14336k
[    1.728732] Freeing unused kernel memory: 1592K
[    1.730836] Freeing unused kernel memory: 64K
Loading, please wait...
starting version 229
[    1.755758] random: systemd-udevd: uninitialized urandom read (16 bytes read, 5 bits of entropy available)
[    1.760212] random: systemd-udevd: uninitialized urandom read (16 bytes read, 5 bits of entropy available)
[    1.762846] random: udevadm: uninitialized urandom read (16 bytes read, 5 bits of entropy available)
[    1.762892] random: udevadm: uninitialized urandom read (16 bytes read, 5 bits of entropy available)
[    1.774462] random: systemd-udevd: uninitialized urandom read (16 bytes read, 5 bits of entropy available)
[    1.778893] random: systemd-udevd: uninitialized urandom read (16 bytes read, 5 bits of entropy available)
[    1.780997] random: udevadm: uninitialized urandom read (16 bytes read, 5 bits of entropy available)
[    1.781101] random: udevadm: uninitialized urandom read (16 bytes read, 5 bits of entropy available)
[    1.781371] random: udevadm: uninitialized urandom read (16 bytes read, 5 bits of entropy available)
[    1.781476] random: udevadm: uninitialized urandom read (16 bytes read, 5 bits of entropy available)
[    1.868248] Fusion MPT base driver 3.04.20
[    1.892919] Copyright (c) 1999-2008 LSI Corporation
[    1.899638] e1000: Intel(R) PRO/1000 Network Driver - version 7.3.21-k8-NAPI
[    1.903793] e1000: Copyright (c) 1999-2006 Intel Corporation.
[    1.925398] AVX2 version of gcm_enc/dec engaged.
[    1.927408] AES CTR mode by8 optimization enabled
[    1.947241] Fusion MPT SPI Host driver 3.04.20
[    2.143786] input: ImExPS/2 Generic Explorer Mouse as /devices/platform/i8042/serio1/input/input4
[    2.398698] e1000 0000:00:03.0 eth0: (PCI:33MHz:32-bit) 02:8b:9b:7c:43:4a
[    2.402271] e1000 0000:00:03.0 eth0: Intel(R) PRO/1000 Network Connection
[    4.378206] e1000 0000:00:08.0 eth1: (PCI:33MHz:32-bit) 08:00:27:1c:c4:73
[    4.381456] e1000 0000:00:08.0 eth1: Intel(R) PRO/1000 Network Connection
[    4.385216] mptbase: ioc0: Initiating bringup
[    4.386097] e1000 0000:00:08.0 enp0s8: renamed from eth1
[    4.397803] e1000 0000:00:03.0 enp0s3: renamed from eth0
[    4.461118] ioc0: LSI53C1030 A0: Capabilities={Initiator}
[    4.625579] scsi host2: ioc0: LSI53C1030 A0, FwRev=00000000h, Ports=1, MaxQ=256, IRQ=20
[    4.741508] scsi 2:0:0:0: Direct-Access     VBOX     HARDDISK         1.0  PQ: 0 ANSI: 5
[    4.747166] scsi target2:0:0: Beginning Domain Validation
[    4.751961] scsi target2:0:0: Domain Validation skipping write tests
[    4.755813] scsi target2:0:0: Ending Domain Validation
[    4.758339] scsi target2:0:0: asynchronous
[    4.760965] scsi 2:0:1:0: Direct-Access     VBOX     HARDDISK         1.0  PQ: 0 ANSI: 5
[    4.778440] scsi target2:0:1: Beginning Domain Validation
[    4.785033] scsi target2:0:1: Domain Validation skipping write tests
[    4.787524] scsi target2:0:1: Ending Domain Validation
[    4.789682] scsi target2:0:1: asynchronous
[    4.800404] sd 2:0:0:0: [sda] 20971520 512-byte logical blocks: (10.7 GB/10.0 GiB)
[    4.800794] sd 2:0:0:0: Attached scsi generic sg0 type 0
[    4.804940] sd 2:0:1:0: Attached scsi generic sg1 type 0
[    4.806002] sd 2:0:1:0: [sdb] 20480 512-byte logical blocks: (10.5 MB/10.0 MiB)
[    4.806418] sd 2:0:1:0: [sdb] Write Protect is off
[    4.806669] sd 2:0:1:0: [sdb] Incomplete mode parameter data
[    4.806671] sd 2:0:1:0: [sdb] Assuming drive cache: write through
[    4.811010] sd 2:0:1:0: [sdb] Attached SCSI disk
[    4.822989] sd 2:0:0:0: [sda] Write Protect is off
[    4.825415] sd 2:0:0:0: [sda] Incomplete mode parameter data
[    4.828059] sd 2:0:0:0: [sda] Assuming drive cache: write through
[    4.834034]  sda: sda1
[    4.836665] sd 2:0:0:0: [sda] Attached SCSI disk
Begin: Loading essential drivers ... [    6.395128] md: linear personality registered for level -1
[    6.402573] md: multipath personality registered for level -4
[    6.409245] md: raid0 personality registered for level 0
[    6.417749] md: raid1 personality registered for level 1
[    6.493015] raid6: sse2x1   gen()  6429 MB/s
[    6.560542] raid6: sse2x1   xor()  5081 MB/s
[    6.629049] raid6: sse2x2   gen()  6427 MB/s
[    6.696726] raid6: sse2x2   xor()  5791 MB/s
[    6.764744] raid6: sse2x4   gen()  8742 MB/s
[    6.832558] raid6: sse2x4   xor()  6216 MB/s
[    6.901106] raid6: avx2x1   gen() 11688 MB/s
[    6.968773] raid6: avx2x2   gen() 14351 MB/s
[    7.036746] raid6: avx2x4   gen() 16069 MB/s
[    7.039075] raid6: using algorithm avx2x4 gen() 16069 MB/s
[    7.041999] raid6: using avx2x2 recovery algorithm
[    7.045995] xor: automatically using best checksumming function:
[    7.092671]    avx       : 13865.000 MB/sec
[    7.096744] async_tx: api initialized (async)
[    7.112693] md: raid6 personality registered for level 6
[    7.114984] md: raid5 personality registered for level 5
[    7.117246] md: raid4 personality registered for level 4
[    7.129339] md: raid10 personality registered for level 10
done.
Begin: Running /scripts/init-premount ... done.
Begin: Mounting root file system ... Begin: Running /scripts/local-top ... done.
Begin: Running /scripts/local-premount ... [    7.178609] Btrfs loaded
Scanning for Btrfs filesystems
done.
Warning: fsck not present, so skipping root file system
[    7.230147] EXT4-fs (sda1): mounted filesystem with ordered data mode. Opts: (null)
done.
Begin: Running /scripts/local-bottom ... done.
Begin: Running /scripts/init-bottom ... done.
[    7.378771] systemd[1]: systemd 229 running in system mode. (+PAM +AUDIT +SELINUX +IMA +APPARMOR +SMACK +SYSVINIT +UTMP +LIBCRYPTSETUP +GCRYPT +GNUTLS +ACL +XZ -LZ4 +SECCOMP +BLKID +ELFUTILS +KMOD -IDN)
[    7.386268] systemd[1]: Detected virtualization oracle.
[    7.388476] systemd[1]: Detected architecture x86-64.

Welcome to [1mUbuntu 16.04.7 LTS[0m!

[    7.396467] systemd[1]: Set hostname to <ubuntu>.
[    7.404418] systemd[1]: Initializing machine ID from random generator.
[    7.409320] systemd[1]: Installed transient /etc/machine-id file.
[    7.663665] systemd[1]: Started Trigger resolvconf update for networkd DNS.
[[0;32m  OK  [0m] Started Trigger resolvconf update for networkd DNS.
[    7.669307] systemd[1]: Listening on /dev/initctl Compatibility Named Pipe.
[[0;32m  OK  [0m] Listening on /dev/initctl Compatibility Named Pipe.
[    7.674643] systemd[1]: Listening on Syslog Socket.
[[0;32m  OK  [0m] Listening on Syslog Socket.
[    7.678549] systemd[1]: Reached target Encrypted Volumes.
[[0;32m  OK  [0m] Reached target Encrypted Volumes.
[    7.690389] systemd[1]: Started Forward Password Requests to Wall Directory Watch.
[[0;32m  OK  [0m] Started Forward Password Requests to Wall Directory Watch.
[    7.702104] systemd[1]: Reached target System Time Synchronized.
[[0;32m  OK  [0m] Reached target System Time Synchronized.
[    7.707412] systemd[1]: Listening on LVM2 poll daemon socket.
[[0;32m  OK  [0m] Listening on LVM2 poll daemon socket.
[    7.718141] systemd[1]: Listening on udev Control Socket.
[[0;32m  OK  [0m] Listening on udev Control Socket.
[    7.729534] systemd[1]: Listening on Journal Socket (/dev/log).
[[0;32m  OK  [0m] Listening on Journal Socket (/dev/log).
[    7.741370] systemd[1]: Listening on udev Kernel Socket.
[[0;32m  OK  [0m] Listening on udev Kernel Socket.
[    7.746328] systemd[1]: Listening on Device-mapper event daemon FIFOs.
[[0;32m  OK  [0m] Listening on Device-mapper event daemon FIFOs.
[    7.751389] systemd[1]: Listening on Journal Audit Socket.
[[0;32m  OK  [0m] Listening on Journal Audit Socket.
[    7.755900] systemd[1]: Reached target User and Group Name Lookups.
[[0;32m  OK  [0m] Reached target User and Group Name Lookups.
[    7.761352] systemd[1]: Created slice User and Session Slice.
[[0;32m  OK  [0m] Created slice User and Session Slice.
[    7.765975] systemd[1]: Reached target Swap.
[[0;32m  OK  [0m] Reached target Swap.
[    7.769753] systemd[1]: Set up automount Arbitrary Executable File Formats File System Automount Point.
[[0;32m  OK  [0m] Set up automount Arbitrary Executab...ats File System Automount Point.
[    7.777003] systemd[1]: Created slice System Slice.
[[0;32m  OK  [0m] Created slice System Slice.
[    7.781430] systemd[1]: Created slice system-serial\x2dgetty.slice.
[[0;32m  OK  [0m] Created slice system-serial\x2dgetty.slice.
[    7.786362] systemd[1]: Reached target Slices.
[[0;32m  OK  [0m] Reached target Slices.
[    7.790283] systemd[1]: Listening on Journal Socket.
[[0;32m  OK  [0m] Listening on Journal Socket.
[    7.817714] systemd[1]: Mounting Debug File System...
         Mounting Debug File System...
[    7.824329] systemd[1]: Starting Create list of required static device nodes for the current kernel...
         Starting Create list of required st... nodes for the current kernel...
[    7.834600] systemd[1]: Starting Nameserver information manager...
         Starting Nameserver information manager...
[    7.847477] systemd[1]: Starting Set console keymap...
         Starting Set console keymap...
[    7.854308] systemd[1]: Starting Remount Root and Kernel File Systems...
         Starting Remount Root and Kernel File Systems...
[    7.861548] systemd[1]: Starting Journal Service...
         Starting Journal[    7.866006] EXT4-fs (sda1): re-mounted. Opts: (null)
 Service...
[    7.871197] systemd[1]: Mounting POSIX Message Queue File System...
         Mounting POSIX Message Queue File System...
[    7.882584] systemd[1]: Starting Load Kernel Modules...
         Starting Load Kernel Modules...
[    7.896916] systemd[1]: Mounting Huge Pages File System...
         Mounting Huge Pages File System...
[    7.902230] systemd[1]: Starting Uncomplicated firewall...
         Starting Uncomplicated firewall...
[    7.915222] Loading iSCSI transport class v2.0-870.
[    7.917254] systemd[1]: Listening on LVM2 metadata daemon socket.
[[0;32m  OK  [0m] Listening on LVM2 metadata daemon socket.
[    7.924652] systemd[1]: Starting Monitoring of LVM2 mirrors, snapshots etc. using dmeventd or progress polling...
         Starting Monitoring of LVM2 mirrors... dmeventd or progress polling...
[    7.940917] systemd[1]: Mounted POSIX Message Queue File System.
[[0;32m  OK  [0m] Mounted POSIX Message Queue File System.
[    7.946474] systemd[1]: Mounted Debug File System.
[[0;32m  OK  [0m] Mounted Debug File System.
[    7.950652] systemd[1]: Mounted Huge Pages File System.
[    7.953746] iscsi: registered transport (tcp)
[[0;32m  OK  [0m] Mounted Huge Pages File System.
[    7.958030] systemd[1]: Started Journal Service.
[[0;32m  OK  [0m] Started Journal Service.
[[0;32m  OK  [0m] Started Create list of required sta...ce nodes for the current kernel.
[[0;32m  OK  [0m] [    7.982922] random: nonblocking pool is initialized
Started Remount Root and Kernel File Systems.
[[0;32m  OK  [0m] Started Uncomplicated firewall.
[[0;32m  OK  [0m] Started Nameserver information manager.
[[0;32m  OK  [0m] Started Set console keymap.
[[0;32m  OK  [0m] Started LVM2 metadata daemon.[    8.029328] iscsi: registered transport (iser)

         Starting udev Coldplug all Devices...
         Starting Load/Save Random Seed...
         Starting Create Static Device Nodes in /dev...
         Starting Flush Journal to Persistent Storage...
[[0;32m  OK  [0m] Started Load Kernel Modules.
[[0;32m  OK  [0m] Started Load/Save Random Seed.
         Starting Apply Kernel Variables...
         Mounting FUSE Control File System...
[[0;32m  OK  [0m] Mounted FUSE Control File System.
[[0;32m  OK  [0m] Started Create Static Device Nodes in /dev.
[[0;32m  OK  [0m] Started Apply Kernel Variables.
         Starting udev Kernel Device Manager...
[[0;32m  OK  [0m] Started Flush Journal to Persistent Storage.
[[0;32m  OK  [0m] Started udev Kernel Device Manager.
[[0;32m  OK  [0m] Started udev Coldplug all Devices.
[[0;32m  OK  [0m] Started Dispatch Password Requests to Console Directory Watch.
[[0;32m  OK  [0m] Started Monitoring of LVM2 mirrors,...ng dmeventd or progress polling.
[[0;32m  OK  [0m] Reached target Local File Systems (Pre).
[[0;32m  OK  [0m] Reached target Local File Systems.
         Starting Create Volatile Files and Directories...
         Starting Set console font and keymap...
         Starting Commit a transient machine-id on disk...
         Starting Initial cloud-init job (pre-networking)...
         Starting Tell Plymouth To Write Out Runtime Data...
         Starting LSB: AppArmor initialization...
[[0;32m  OK  [0m] Started Tell Plymouth To Write Out Runtime Data.
[[0;32m  OK  [0m] Started Create Volatile Files and Directories.
         Starting Update UTMP about System Boot/Shutdown...
[[0;32m  OK  [0m] Started Commit a transient machine-id on disk.
[[0;32m  OK  [0m] Started Update UTMP about System Boot/Shutdown.
[[0;32m  OK  [0m] Found device /dev/ttyS0.
[[0;32m  OK  [0m] Listening on Load/Save RF Kill Switch Status /dev/rfkill Watch.
[   10.026629] cloud-init[486]: Cloud-init v. 20.3-2-g371b392c-0ubuntu1~16.04.1 running 'init-local' at Mon, 28 Dec 2020 07:35:27 +0000. Up 9.39 seconds.
[[0;32m  OK  [0m] Started Initial cloud-init job (pre-networking).
[[0;32m  OK  [0m] Reached target Network (Pre).
[[0;32m  OK  [0m] Started LSB: AppArmor initialization.
[[0;32m  OK  [0m] Started Set console font and keymap.
[[0;32m  OK  [0m] Created slice system-getty.slice.
         Starting Load AppArmor profiles managed internally by snapd...
         Starting Raise network interfaces...
[[0;32m  OK  [0m] Started Load AppArmor profiles managed internally by snapd.
[[0;32m  OK  [0m] Started Raise network interfaces.
         Starting Initial cloud-init job (metadata service crawler)...
[[0;32m  OK  [0m] Reached target Network.
[   12.657343] cloud-init[959]: Cloud-init v. 20.3-2-g371b392c-0ubuntu1~16.04.1 running 'init' at Mon, 28 Dec 2020 07:35:29 +0000. Up 11.34 seconds.
[   12.663554] cloud-init[959]: ci-info: ++++++++++++++++++++++++++++++++++++++Net device info+++++++++++++++++++++++++++++++++++++++
[   12.670065] cloud-init[959]: ci-info: +--------+-------+----------------------------+---------------+--------+-------------------+
[   12.676016] cloud-init[959]: ci-info: | Device |   Up  |          Address           |      Mask     | Scope  |     Hw-Address    |
[   12.682189] cloud-init[959]: ci-info: +--------+-------+----------------------------+---------------+--------+-------------------+
[   12.688690] cloud-init[959]: ci-info: | enp0s3 |  True |         10.0.2.15          | 255.255.255.0 | global | 02:8b:9b:7c:43:4a |
[   12.694577] cloud-init[959]: ci-info: | enp0s3 |  True | fe80::8b:9bff:fe7c:434a/64 |       .       |  link  | 02:8b:9b:7c:43:4a |
[   12.700993] cloud-init[959]: ci-info: | enp0s8 | False |             .              |       .       |   .    | 08:00:27:1c:c4:73 |
[   12.707798] cloud-init[959]: ci-info: |   lo   |  True |         127.0.0.1          |   255.0.0.0   |  host  |         .         |
[   12.713765] cloud-init[959]: ci-info: |   lo   |  True |          ::1/128           |       .       |  host  |         .         |
[   12.719048] cloud-init[959]: ci-info: +--------+-------+----------------------------+---------------+--------+-------------------+
[   12.726332] cloud-init[959]: ci-info: +++++++++++++++++++++++++++Route IPv4 info++++++++++++++++++++++++++++
[   12.733405] cloud-init[959]: ci-info: +-------+-------------+----------+---------------+-----------+-------+
[   12.739370] cloud-init[959]: ci-info: | Route | Destination | Gateway  |    Genmask    | Interface | Flags |
[   12.745709] cloud-init[959]: ci-info: +-------+-------------+----------+---------------+-----------+-------+
[   12.751392] cloud-init[959]: ci-info: |   0   |   0.0.0.0   | 10.0.2.2 |    0.0.0.0    |   enp0s3  |   UG  |
[   12.759210] cloud-init[959]: ci-info: |   1   |   10.0.2.0  | 0.0.0.0  | 255.255.255.0 |   enp0s3  |   U   |
[   12.765108] cloud-init[959]: ci-info: +-------+-------------+----------+---------------+-----------+-------+
[   12.772477] cloud-init[959]: ci-info: +++++++++++++++++++Route IPv6 info+++++++++++++++++++
[   12.778502] cloud-init[959]: ci-info: +-------+-------------+---------+-----------+-------+
[   12.785562] cloud-init[959]: ci-info: | Route | Destination | Gateway | Interface | Flags |
[   12.797116] cloud-init[959]: ci-info: +-------+-------------+---------+-----------+-------+
[   12.809316] cloud-init[959]: ci-info: |   0   |  fe80::/64  |    ::   |   enp0s3  |   U   |
[   12.820794] cloud-init[959]: ci-info: |   3   |   ff00::/8  |    ::   |   enp0s3  |   U   |
[   12.828641] cloud-init[959]: ci-info: +-------+-------------+---------+-----------+-------+
[   12.835912] cloud-init[959]: Generating public/private rsa key pair.
[   12.841229] cloud-init[959]: Your identification has been saved in /etc/ssh/ssh_host_rsa_key.
[   12.847445] cloud-init[959]: Your public key has been saved in /etc/ssh/ssh_host_rsa_key.pub.
[   12.853539] cloud-init[959]: The key fingerprint is:
[   12.858872] cloud-init[959]: SHA256:8rxbjmtVH2HNrNBacnj+ULuNRzemUpnSgI0JEfDI3+s root@ubuntu-xenial
[   12.869543] cloud-init[959]: The key's randomart image is:
[   12.888719] cloud-init[959]: +---[RSA 2048]----+
[   12.889108] cloud-init[959]: |     ..++ =  o + |
[   12.891490] cloud-init[959]: |    . o  + o+ B =|
[   12.894427] cloud-init[959]: |     o .    oXo+.|
[   12.897689] cloud-init[959]: |      . .  .o==+o|
[   12.898453] cloud-init[959]: |      ..S. .o.o*=|
[   12.901732] cloud-init[959]: |       +  o. .o.+|
[   12.903037] cloud-init[959]: |        oo. .  . |
[   12.906010] cloud-init[959]: |        o=       |
[   12.906401] cloud-init[959]: |       .=E.      |
[   12.909372] cloud-init[959]: +----[SHA256]-----+
[   12.911028] cloud-init[959]: Generating public/private dsa key pair.
[   12.913245] cloud-init[959]: Your identification has been saved in /etc/ssh/ssh_host_dsa_key.
[   12.915279] cloud-init[959]: Your public key has been saved in /etc/ssh/ssh_host_dsa_key.pub.
[   12.921867] cloud-init[959]: The key fingerprint is:
[   12.924343] cloud-init[959]: SHA256:3kQJVF3ftytHgpoW3r7CYxcumU1E3Qu8P5j0LtjQHSg root@ubuntu-xenial
[   12.926682] cloud-init[959]: The key's randomart image is:
[   12.929267] cloud-init[959]: +---[DSA 1024]----+
[   12.930979] cloud-init[959]: |       .o...o.o  |
[   12.933466] cloud-init[959]: |         . o.+ o.|
[   12.935507] cloud-init[959]: |          +   + =|
[   12.937657] cloud-init[959]: |         . E.+ oo|
[   12.938998] cloud-init[959]: |        S.o.+.*o.|
[   12.942131] cloud-init[959]: |       ..o=+ +o=.|
[   12.942659] cloud-init[959]: |        o=B.=..o.|
[   12.946872] cloud-init[959]: |        .O.= oo. |
[   12.948465] cloud-init[959]: |        . =o. .  |
[   12.949926] cloud-init[959]: +----[SHA256]-----+
[   12.950292] cloud-init[959]: Generating public/private ecdsa key pair.
[   12.952568] cloud-init[959]: Your identification has been saved in /etc/ssh/ssh_host_ecdsa_key.
[   12.954004] cloud-init[959]: Your public key has been saved in /etc/ssh/ssh_host_ecdsa_key.pub.
[   12.960118] cloud-init[959]: The key fingerprint is:
[   12.962743] cloud-init[959]: SHA256:8B1jopWnW/TGKbEFXJ1NPmKBNcPO+Kkk4qln+IYEu+k root@ubuntu-xenial
[   12.966614] cloud-init[959]: The key's randomart image is:
[   12.974314] cloud-init[959]: +---[ECDSA 256]---+
[   12.979204] cloud-init[959]: |         ...=* +.|
[   12.982387] cloud-init[959]: |         ..o .*..|
[   12.984375] cloud-init[959]: |      . + B =o ..|
[   12.990971] cloud-init[959]: |   .   = B X.+. .|
[[0;32m  OK  [0m[   12.996445] cloud-init[959]: |    o . S = * .  |
[   12.997626] cloud-init[959]: |   . . . + + o   |
] Started Initial cloud-init job (metadata service crawler).
[   13.000826] cloud-init[959]: |    + + + o .    |
[[0;32m  OK  [0m] Reached target Cloud-config availability.
[   13.016887] [[0;32m  OK  [0m] Reached target System Initialization.
[[0;32m  OK  [0m] Started Daily Cleanup of Temporary Directories.
[[0;32m  OK  [0m] Listening on UUID daemon activation socket.
[[0;32m  OK  [0m] Started Message of the Day.
[[0;32m  OK  [0m] Listening on D-Bus System Message Bus Socket.
         Starting LXD - unix socket.
[cloud-init[959]: |   o o *   .     |
[0;32m  OK  [0m] Listening on ACPID Listen Socket.
[   13.040871] cloud-init[959]: |  .E .*.         |
[   13.046710] [[0;32m  OK  [0m] Started ACPI Events Check.
[[0;32m  OK  [0m] Reached target Paths.
cloud-init[959]: [+----[SHA256]-----+[0;32m  OK  [0m
] Started Daily apt download activities.
[   13.060754] cloud-init[[0;32m  OK  [0m] Started Daily apt upgrade and clean activities.
[[0;32m  OK  [0m] Reached target Timers.
         Starting Socket activation for snappy daemon.
[[0;32m  OK  [0m] Reached target Network is Online.
[959]: Generating public/private ed25519 key pair.
[   13.082229] cloud-init[959]: Your identification has been saved in /etc/ssh/ssh_host_ed25519_key.
[   13.092890]          cloud-initStarting iSCSI initiator daemon (iscsid)...[959]: 
Your public key has been saved in /etc/ssh/ssh_host_ed25519_key.pub.
[   13.101844] [[0;32m  OK  [0m] Listening on LXD - unix socket.
[[0;32m  OK  [0m] Listening on Socket activation for snappy daemon.
cloud-init[959]: The key fingerprint is:
[[0;32m  OK  [0m] Reached target Sockets.
[   13.117241] [cloud-init[0;32m  OK  [0m[959]: ] SHA256:HxFhEOcJReuc3q0Y/mj5PzdRPHxUK2lwpAsNj8WuW+A root@ubuntu-xenialReached target Basic System.

[   13.122992] cloud-init[959]: The key's randomart image is:
[   13.126021] cloud-init[959]: +--[ED25519 256]--+
[   13.136651]          Starting Pollinate to seed the pseudo random number generator...
[[0;32m  OK  [0m] Started D-Bus System Message Bus.
cloud-init[959]: |        +*O+.o  o|
[   13.145503] cloud-init[959]: |         =*=+ . o|
[   13.156791] cloud-init[959]: |         o*+ +.+ |
[   13.160117] cloud-init[959]: |         +.+o .o+|
[   13.164719] cloud-init[959]: |        S B.    +|
[   13.169054] cloud-init[959]: |         E + . . |
[   13.176690] cloud-init[959]: |          *.. . .|
[   13.181022] cloud-init[959]: |         oo+ ....|
[   13.193211] cloud-init[959]: |         .+o+..o.|
[   13.200414] cloud-init[959]: +----[SHA256]-----+
         Starting System Logging Service...
         Starting Accounts Service...
         Starting /etc/rc.local Compatibility...
[[0;32m  OK  [0m] Started Deferred execution scheduler.
         Starting LSB: Record successful boot for GRUB...
[[0;32m  OK  [0m] Started Regular background program processing daemon.
         Starting Login Service...
         Starting LSB: MD monitoring daemon...
         Starting Virtualbox guest utils...
[[0;32m  OK  [0m] Started ACPI event daemon.
         Starting Snap Daemon...
         Starting LXD - container startup/shutdown...
[[0;32m  OK  [0m] Started FUSE filesystem for LXC.
[[0;32m  OK  [0m] Started System Logging Service.
[[0;32m  OK  [0m] Started /etc/rc.local Compatibility.
[[0;32m  OK  [0m] Started iSCSI initiator daemon (iscsid).
[[0;32m  OK  [0m] Started Login Service.
[[0;32m  OK  [0m] Started Unattended Upgrades Shutdown.
         Starting Authenticate and Authorize Users to Run Privileged Tasks...
         Starting Login to default iSCSI targets...
[[0;32m  OK  [0m] Started LSB: Record successful boot for GRUB.
[[0;32m  OK  [0m] Started LSB: MD monitoring daemon.
[[0;32m  OK  [0m] Started Login to default iSCSI targets.
[[0;32m  OK  [0m] Reached target Remote File Systems (Pre).
[[0;32m  OK  [0m] Reached target Remote File Systems.
         Starting Permit User Sessions...
         Starting LSB: daemon to balance interrupts for SMP systems...
         Starting LSB: automatic crash report generation...
         Starting LSB: Set the CPU Frequency Scaling governor to "ondemand"...
[[0;32m  OK  [0m] Started Permit User Sessions.
[[0;32m  OK  [0m] Started Authenticate and Authorize Users to Run Privileged Tasks.
[[0;32m  OK  [0m] Started Accounts Service.
         Starting Hold until boot process finishes up...
         Starting Terminate Plymouth Boot Screen...
[[0;32m  OK  [0m] Started LXD - container startup/shutdown.
[[0;32m  OK  [0m] Started Hold until boot process finishes up.
[[0;32m  OK  [0m] Started Terminate Plymouth Boot Screen.
[[0;32m  OK  [0m] Started Getty on tty1.
         Starting Set console scheme...
[[0;32m  OK  [0m] Started Serial Getty on ttyS0.
[[0;32m  OK  [0m] Reached target Login Prompts.
[[0;32m  OK  [0m] Started LSB: daemon to balance interrupts for SMP systems.
[[0;32m  OK  [0m] Started Set console scheme.
[[0;32m  OK  [0m] Started LSB: Set the CPU Frequency Scaling governor to "ondemand".
[[0;32m  OK  [0m] Started Virtualbox guest utils.
[[0;32m  OK  [0m] Started LSB: automatic crash report generation.
[[0;32m  OK  [0m] Started Snap Daemon.
         Starting Wait until snapd is fully seeded...
[[0;32m  OK  [0m] Started Pollinate to seed the pseudo random number generator.
         Starting OpenBSD Secure Shell server...
[[0;32m  OK  [0m] Started OpenBSD Secure Shell server.
[[0;32m  OK  [0m] Created slice User Slice of vagrant.
         Starting User Manager for UID 1000...
[[0;32m  OK  [0m] Started Session 1 of user vagrant.
[[0;32m  OK  [0m] Started User Manager for UID 1000.
[[0;32m  OK  [0m] Started Wait until snapd is fully seeded.
         Starting Apply the settings specified in cloud-config...
[[0;32m  OK  [0m] Reached target Multi-User System.
[[0;32m  OK  [0m] Reached target Graphical Interface.
         Starting Update UTMP about System Runlevel Changes...
[[0;32m  OK  [0m] Started Update UTMP about System Runlevel Changes.
[   17.197184] cloud-init[1387]: Generating locales (this might take a while)...
         Stopping User Manager for UID 1000...
[[0;32m  OK  [0m] Stopped User Manager for UID 1000.
[[0;32m  OK  [0m] Removed slice User Slice of vagrant.
[[0;32m  OK  [0m] Created slice User Slice of vagrant.
         Starting User Manager for UID 1000...
[[0;32m  OK  [0m] Started Session 2 of user vagrant.
[[0;32m  OK  [0m] Started User Manager for UID 1000.
[   18.843828] cloud-init[1387]:   en_US.UTF-8... done
[   18.850168] cloud-init[1387]: Generation complete.
[   19.348833] cloud-init[1387]: Cloud-init v. 20.3-2-g371b392c-0ubuntu1~16.04.1 running 'modules:config' at Mon, 28 Dec 2020 07:35:35 +0000. Up 16.95 seconds.

Ubuntu 16.04.7 LTS ubuntu-xenial ttyS0

ubuntu-xenial login: ci-info: no authorized SSH keys fingerprints found for user ubuntu.
<14>Dec 28 07:35:38 ec2: 
<14>Dec 28 07:35:38 ec2: #############################################################
<14>Dec 28 07:35:38 ec2: -----BEGIN SSH HOST KEY FINGERPRINTS-----
<14>Dec 28 07:35:38 ec2: 1024 SHA256:3kQJVF3ftytHgpoW3r7CYxcumU1E3Qu8P5j0LtjQHSg root@ubuntu-xenial (DSA)
<14>Dec 28 07:35:38 ec2: 256 SHA256:8B1jopWnW/TGKbEFXJ1NPmKBNcPO+Kkk4qln+IYEu+k root@ubuntu-xenial (ECDSA)
<14>Dec 28 07:35:38 ec2: 256 SHA256:HxFhEOcJReuc3q0Y/mj5PzdRPHxUK2lwpAsNj8WuW+A root@ubuntu-xenial (ED25519)
<14>Dec 28 07:35:38 ec2: 2048 SHA256:8rxbjmtVH2HNrNBacnj+ULuNRzemUpnSgI0JEfDI3+s root@ubuntu-xenial (RSA)
<14>Dec 28 07:35:38 ec2: -----END SSH HOST KEY FINGERPRINTS-----
<14>Dec 28 07:35:38 ec2: #############################################################
-----BEGIN SSH HOST KEY KEYS-----
ecdsa-sha2-nistp256 AAAAE2VjZHNhLXNoYTItbmlzdHAyNTYAAAAIbmlzdHAyNTYAAABBBN9txyLtJz9fq/o7WCxPwD3XcO/iAI1wik/INaH/TFc9CTuL5pIoxk98jQI+OYeKp5mNcIen6C6AN+WiXTeh5dM= root@ubuntu-xenial
ssh-ed25519 AAAAC3NzaC1lZDI1NTE5AAAAILa3e/vnev26w3tjBoAq1lPpSfzelQVJhf5zPgSlae+e root@ubuntu-xenial
ssh-rsa AAAAB3NzaC1yc2EAAAADAQABAAABAQDDpYre1i7dhkQketC75OrphDsrIT/+cRaA4W64Xfgfvf+F7t+L9+1z90IkkoRncXgoYX7PmEx5z1L02BnQLcwS14AZYHtwuST0Rn+bMXLfc8yARTHCv/7xE+v3JT+mCKFNYyUQRMFfo7RVDM63ngmPmo+69hrgPMr5vTZQuuLeQSBsINRJQ9aNH9I0xIJZyzk8sXPh/esU1cdTpdG1TGmu7wBS+ZHMmgeg2cBZTXvRUvvqk6LOFSeCoMDhMm5zgoK1WJscj2ns/U8QJ4Ba+5Rn5ebBMANPBAfwwuwmTS3OYSLcNpvRQ4B/GQfd98o4caQjOXuN2i6szQNiujO0/HKN root@ubuntu-xenial
-----END SSH HOST KEY KEYS-----
[   20.433471] cloud-init[1639]: Cloud-init v. 20.3-2-g371b392c-0ubuntu1~16.04.1 running 'modules:final' at Mon, 28 Dec 2020 07:35:38 +0000. Up 20.14 seconds.
[   20.435505] cloud-init[1639]: ci-info: no authorized SSH keys fingerprints found for user ubuntu.
[   20.439565] cloud-init[1639]: Cloud-init v. 20.3-2-g371b392c-0ubuntu1~16.04.1 finished at Mon, 28 Dec 2020 07:35:38 +0000. Datasource DataSourceNoCloud [seed=/dev/sdb][dsmode=net].  Up 20.41 seconds
